Flow report for microarquiteturaGp3
Thu Sep 05 02:52:12 2019
Quartus Prime Version 18.1.0 Build 625 09/12/2018 SJ Lite Edition


---------------------
; Table of Contents ;
---------------------
  1. Legal Notice
  2. Flow Summary
  3. Flow Settings
  4. Flow Non-Default Global Settings
  5. Flow Elapsed Time
  6. Flow OS Summary
  7. Flow Log
  8. Flow Messages
  9. Flow Suppressed Messages



----------------
; Legal Notice ;
----------------
Copyright (C) 2018  Intel Corporation. All rights reserved.
Your use of Intel Corporation's design tools, logic functions 
and other software and tools, and its AMPP partner logic 
functions, and any output files from any of the foregoing 
(including device programming or simulation files), and any 
associated documentation or information are expressly subject 
to the terms and conditions of the Intel Program License 
Subscription Agreement, the Intel Quartus Prime License Agreement,
the Intel FPGA IP License Agreement, or other applicable license
agreement, including, without limitation, that your use is for
the sole purpose of programming logic devices manufactured by
Intel and sold by Intel or its authorized distributors.  Please
refer to the applicable agreement for further details.



+----------------------------------------------------------------------------------+
; Flow Summary                                                                     ;
+------------------------------------+---------------------------------------------+
; Flow Status                        ; Successful - Thu Sep 05 02:52:12 2019       ;
; Quartus Prime Version              ; 18.1.0 Build 625 09/12/2018 SJ Lite Edition ;
; Revision Name                      ; microarquiteturaGp3                         ;
; Top-level Entity Name              ; microarquiteturaGp3                         ;
; Family                             ; Cyclone IV E                                ;
; Device                             ; EP4CE30F23C7                                ;
; Timing Models                      ; Final                                       ;
; Total logic elements               ; 2,248 / 28,848 ( 8 % )                      ;
;     Total combinational functions  ; 2,092 / 28,848 ( 7 % )                      ;
;     Dedicated logic registers      ; 1,114 / 28,848 ( 4 % )                      ;
; Total registers                    ; 1114                                        ;
; Total pins                         ; 111 / 329 ( 34 % )                          ;
; Total virtual pins                 ; 0                                           ;
; Total memory bits                  ; 44,032 / 608,256 ( 7 % )                    ;
; Embedded Multiplier 9-bit elements ; 0 / 132 ( 0 % )                             ;
; Total PLLs                         ; 0 / 4 ( 0 % )                               ;
+------------------------------------+---------------------------------------------+


+-----------------------------------------+
; Flow Settings                           ;
+-------------------+---------------------+
; Option            ; Setting             ;
+-------------------+---------------------+
; Start date & time ; 09/05/2019 02:49:11 ;
; Main task         ; Compilation         ;
; Revision Name     ; microarquiteturaGp3 ;
+-------------------+---------------------+


+------------------------------------------------------------------------------------------------------------------------------------------------------------+
; Flow Non-Default Global Settings                                                                                                                           ;
+-------------------------------------+-----------------------------------------------------------------------+---------------+-------------+----------------+
; Assignment Name                     ; Value                                                                 ; Default Value ; Entity Name ; Section Id     ;
+-------------------------------------+-----------------------------------------------------------------------+---------------+-------------+----------------+
; COMPILER_SIGNATURE_ID               ; 123745754793790.156766255009780                                       ; --            ; --          ; --             ;
; EDA_OUTPUT_DATA_FORMAT              ; Vhdl                                                                  ; --            ; --          ; eda_simulation ;
; EDA_SIMULATION_TOOL                 ; ModelSim-Altera (VHDL)                                                ; <None>        ; --          ; --             ;
; MAX_CORE_JUNCTION_TEMP              ; 85                                                                    ; --            ; --          ; --             ;
; MIN_CORE_JUNCTION_TEMP              ; 0                                                                     ; --            ; --          ; --             ;
; MISC_FILE                           ; microarquiteturaGp3/synthesis/../microarquiteturaGp3.cmp              ; --            ; --          ; --             ;
; MISC_FILE                           ; microarquiteturaGp3/synthesis/../../microarquiteturaGp3.qsys          ; --            ; --          ; --             ;
; NOMINAL_CORE_SUPPLY_VOLTAGE         ; 1.2V                                                                  ; --            ; --          ; --             ;
; PARTITION_COLOR                     ; -- (Not supported for targeted family)                                ; --            ; --          ; Top            ;
; PARTITION_FITTER_PRESERVATION_LEVEL ; -- (Not supported for targeted family)                                ; --            ; --          ; Top            ;
; PARTITION_NETLIST_TYPE              ; -- (Not supported for targeted family)                                ; --            ; --          ; Top            ;
; POWER_BOARD_THERMAL_MODEL           ; None (CONSERVATIVE)                                                   ; --            ; --          ; --             ;
; POWER_PRESET_COOLING_SOLUTION       ; 23 MM HEAT SINK WITH 200 LFPM AIRFLOW                                 ; --            ; --          ; --             ;
; PROJECT_OUTPUT_DIRECTORY            ; output_files                                                          ; --            ; --          ; --             ;
; SLD_FILE                            ; microarquiteturaGp3/synthesis/microarquiteturaGp3.regmap              ; --            ; --          ; --             ;
; SLD_FILE                            ; microarquiteturaGp3/synthesis/microarquiteturaGp3.debuginfo           ; --            ; --          ; --             ;
; SLD_INFO                            ; QSYS_NAME microarquiteturaGp3 HAS_SOPCINFO 1 GENERATION_ID 1567661310 ; --            ; --          ; --             ;
; SOPCINFO_FILE                       ; microarquiteturaGp3/synthesis/../../microarquiteturaGp3.sopcinfo      ; --            ; --          ; --             ;
; SYNTHESIS_ONLY_QIP                  ; On                                                                    ; --            ; --          ; --             ;
+-------------------------------------+-----------------------------------------------------------------------+---------------+-------------+----------------+


+--------------------------------------------------------------------------------------------------------------------------+
; Flow Elapsed Time                                                                                                        ;
+----------------------+--------------+-------------------------+---------------------+------------------------------------+
; Module Name          ; Elapsed Time ; Average Processors Used ; Peak Virtual Memory ; Total CPU Time (on all processors) ;
+----------------------+--------------+-------------------------+---------------------+------------------------------------+
; Analysis & Synthesis ; 00:01:29     ; 1.0                     ; 4935 MB             ; 00:01:44                           ;
; Fitter               ; 00:00:33     ; 1.0                     ; 5366 MB             ; 00:00:27                           ;
; Assembler            ; 00:00:04     ; 1.0                     ; 4708 MB             ; 00:00:04                           ;
; Timing Analyzer      ; 00:00:10     ; 1.1                     ; 4819 MB             ; 00:00:06                           ;
; EDA Netlist Writer   ; 00:00:12     ; 1.0                     ; 4708 MB             ; 00:00:08                           ;
; Total                ; 00:02:28     ; --                      ; --                  ; 00:02:29                           ;
+----------------------+--------------+-------------------------+---------------------+------------------------------------+


+------------------------------------------------------------------------------------+
; Flow OS Summary                                                                    ;
+----------------------+------------------+------------+------------+----------------+
; Module Name          ; Machine Hostname ; OS Name    ; OS Version ; Processor type ;
+----------------------+------------------+------------+------------+----------------+
; Analysis & Synthesis ; DESKTOP-1BCB0D3  ; Windows 10 ; 10.0       ; x86_64         ;
; Fitter               ; DESKTOP-1BCB0D3  ; Windows 10 ; 10.0       ; x86_64         ;
; Assembler            ; DESKTOP-1BCB0D3  ; Windows 10 ; 10.0       ; x86_64         ;
; Timing Analyzer      ; DESKTOP-1BCB0D3  ; Windows 10 ; 10.0       ; x86_64         ;
; EDA Netlist Writer   ; DESKTOP-1BCB0D3  ; Windows 10 ; 10.0       ; x86_64         ;
+----------------------+------------------+------------+------------+----------------+


------------
; Flow Log ;
------------
quartus_map --read_settings_files=on --write_settings_files=off microarquiteturaGp3 -c microarquiteturaGp3
quartus_fit --read_settings_files=off --write_settings_files=off microarquiteturaGp3 -c microarquiteturaGp3
quartus_asm --read_settings_files=off --write_settings_files=off microarquiteturaGp3 -c microarquiteturaGp3
quartus_sta microarquiteturaGp3 -c microarquiteturaGp3
quartus_eda --read_settings_files=off --write_settings_files=off microarquiteturaGp3 -c microarquiteturaGp3



